<?xml version="1.0" encoding="UTF-8"?>
<testsuite name="vrielynckpieterjan.masterproef.applicationlayer.attestation.issuer.IssuerPartNamespaceAttestationTest" tests="1" skipped="0" failures="0" errors="0" timestamp="2021-04-24T08:17:17" hostname="MacBook-Pro-van-Pieter-Jan.local" time="0.289">
  <properties/>
  <testcase name="hasValidSignature()" classname="vrielynckpieterjan.masterproef.applicationlayer.attestation.issuer.IssuerPartNamespaceAttestationTest" time="0.289"/>
  <system-out><![CDATA[]]></system-out>
  <system-err><![CDATA[]]></system-err>
</testsuite>
